2026-06-24 21:45:59,505 - INFO - Inserted 1875 rows for ITC.NS
2026-06-24 21:45:59,715 - INFO - [HINDUNILVR_NS] Inserted 1875 rows (duplicates ignored)
2026-06-24 21:45:59,715 - INFO - Inserted 1875 rows for HINDUNILVR.NS
2026-06-24 21:45:59,996 - INFO - [SBIN_NS] Inserted 1875 rows (duplicates ignored)
2026-06-24 21:45:59,996 - INFO - Inserted 1875 rows for SBIN.NS
2026-06-24 21:46:00,289 - INFO - [BHARTIARTL_NS] Inserted 1875 rows (duplicates ignored)
2026-06-24 21:46:00,289 - INFO - Inserted 1875 rows for BHARTIARTL.NS
2026-06-24 21:46:00,549 - INFO - [KOTAKBANK_NS] Inserted 1875 rows (duplicates ignored)
2026-06-24 21:46:00,549 - INFO - Inserted 1875 rows for KOTAKBANK.NS
2026-06-24 21:46:00,787 - INFO - [LT_NS] Inserted 1875 rows (duplicates ignored)
2026-06-24 21:46:00,787 - INFO - Inserted 1875 rows for LT.NS
2026-06-24 21:46:00,991 - INFO - [AXISBANK_NS] Inserted 1875 rows (duplicates ignored)
2026-06-24 21:46:00,992 - INFO - Inserted 1875 rows for AXISBANK.NS
2026-06-24 21:46:01,170 - INFO - [BAJFINANCE_NS] Inserted 1875 rows (duplicates ignored)
2026-06-24 21:46:01,170 - INFO - Inserted 1875 rows for BAJFINANCE.NS
2026-06-24 21:46:01,358 - INFO - [ASIANPAINT_NS] Inserted 1875 rows (duplicates ignored)
2026-06-24 21:46:01,358 - INFO - Inserted 1875 rows for ASIANPAINT.NS
2026-06-24 21:46:01,541 - INFO - [MARUTI_NS] Inserted 1875 rows (duplicates ignored)
2026-06-24 21:46:01,541 - INFO - Inserted 1875 rows for MARUTI.NS
2026-06-24 21:46:01,738 - INFO - [SUNPHARMA_NS] Inserted 1875 rows (duplicates ignored)
2026-06-24 21:46:01,738 - INFO - Inserted 1875 rows for SUNPHARMA.NS
2026-06-24 21:46:01,980 - INFO - [WIPRO_NS] Inserted 1875 rows (duplicates ignored)
2026-06-24 21:46:01,980 - INFO - Inserted 1875 rows for WIPRO.NS
2026-06-24 21:46:02,182 - INFO - [POWERGRID_NS] Inserted 1875 rows (duplicates ignored)
2026-06-24 21:46:02,182 - INFO - Inserted 1875 rows for POWERGRID.NS
2026-06-24 21:46:02,402 - INFO - [NTPC_NS] Inserted 1875 rows (duplicates ignored)
2026-06-24 21:46:02,402 - INFO - Inserted 1875 rows for NTPC.NS
2026-06-24 21:46:02,620 - INFO - [ONGC_NS] Inserted 1875 rows (duplicates ignored)
2026-06-24 21:46:02,620 - INFO - Inserted 1875 rows for ONGC.NS
2026-06-24 21:46:02,631 - INFO - Cycle complete. README updated.
2026-06-24 22:01:23,964 - INFO - Starting data fetch cycle...
2026-06-24 22:01:24,346 - INFO - [RELIANCE_NS] Inserted 1875 rows (duplicates ignored)
2026-06-24 22:01:24,346 - INFO - Inserted 1875 rows for RELIANCE.NS
2026-06-24 22:01:24,616 - INFO - [HDFCBANK_NS] Inserted 1875 rows (duplicates ignored)
2026-06-24 22:01:24,617 - INFO - Inserted 1875 rows for HDFCBANK.NS
2026-06-24 22:01:24,797 - INFO - [ICICIBANK_NS] Inserted 1875 rows (duplicates ignored)
2026-06-24 22:01:24,797 - INFO - Inserted 1875 rows for ICICIBANK.NS
2026-06-24 22:01:25,037 - INFO - [INFY_NS] Inserted 1875 rows (duplicates ignored)
2026-06-24 22:01:25,037 - INFO - Inserted 1875 rows for INFY.NS
2026-06-24 22:01:25,237 - INFO - [TCS_NS] Inserted 1875 rows (duplicates ignored)
2026-06-24 22:01:25,237 - INFO - Inserted 1875 rows for TCS.NS
2026-06-24 22:01:25,454 - INFO - [ITC_NS] Inserted 1875 rows (duplicates ignored)
2026-06-24 22:01:25,454 - INFO - Inserted 1875 rows for ITC.NS
2026-06-24 22:01:25,651 - INFO - [HINDUNILVR_NS] Inserted 1875 rows (duplicates ignored)
2026-06-24 22:01:25,652 - INFO - Inserted 1875 rows for HINDUNILVR.NS
2026-06-24 22:01:25,845 - INFO - [SBIN_NS] Inserted 1875 rows (duplicates ignored)
2026-06-24 22:01:25,845 - INFO - Inserted 1875 rows for SBIN.NS
2026-06-24 22:01:26,049 - INFO - [BHARTIARTL_NS] Inserted 1875 rows (duplicates ignored)
2026-06-24 22:01:26,049 - INFO - Inserted 1875 rows for BHARTIARTL.NS
2026-06-24 22:01:26,275 - INFO - [KOTAKBANK_NS] Inserted 1875 rows (duplicates ignored)
2026-06-24 22:01:26,275 - INFO - Inserted 1875 rows for KOTAKBANK.NS
2026-06-24 22:01:26,462 - INFO - [LT_NS] Inserted 1875 rows (duplicates ignored)
2026-06-24 22:01:26,462 - INFO - Inserted 1875 rows for LT.NS
2026-06-24 22:01:26,654 - INFO - [AXISBANK_NS] Inserted 1875 rows (duplicates ignored)
2026-06-24 22:01:26,655 - INFO - Inserted 1875 rows for AXISBANK.NS
2026-06-24 22:01:26,932 - INFO - [BAJFINANCE_NS] Inserted 1875 rows (duplicates ignored)
2026-06-24 22:01:26,933 - INFO - Inserted 1875 rows for BAJFINANCE.NS
2026-06-24 22:01:27,148 - INFO - [ASIANPAINT_NS] Inserted 1875 rows (duplicates ignored)
2026-06-24 22:01:27,148 - INFO - Inserted 1875 rows for ASIANPAINT.NS
2026-06-24 22:01:27,378 - INFO - [MARUTI_NS] Inserted 1875 rows (duplicates ignored)
2026-06-24 22:01:27,379 - INFO - Inserted 1875 rows for MARUTI.NS
2026-06-24 22:01:27,681 - INFO - [SUNPHARMA_NS] Inserted 1875 rows (duplicates ignored)
2026-06-24 22:01:27,681 - INFO - Inserted 1875 rows for SUNPHARMA.NS
2026-06-24 22:01:27,907 - INFO - [WIPRO_NS] Inserted 1875 rows (duplicates ignored)
2026-06-24 22:01:27,907 - INFO - Inserted 1875 rows for WIPRO.NS
2026-06-24 22:01:28,117 - INFO - [POWERGRID_NS] Inserted 1875 rows (duplicates ignored)
2026-06-24 22:01:28,118 - INFO - Inserted 1875 rows for POWERGRID.NS
2026-06-24 22:01:28,315 - INFO - [NTPC_NS] Inserted 1875 rows (duplicates ignored)
2026-06-24 22:01:28,315 - INFO - Inserted 1875 rows for NTPC.NS
2026-06-24 22:01:28,518 - INFO - [ONGC_NS] Inserted 1875 rows (duplicates ignored)
2026-06-24 22:01:28,518 - INFO - Inserted 1875 rows for ONGC.NS
2026-06-24 22:01:28,528 - INFO - Cycle complete. README updated.
